用户提示历史 - 源自: /Users/siyue/Downloads/0203/03/messages_export_3.json
================================================================================
[1] 时间: 2025-03-18 18:33:54
对话ID: 4aab7a34-4987-48ee-999d-b34d33a341d8
----------------------------------------
作为一名开发者，您正在开发一个数据处理模块。您需要确保一个函数的可靠性，该函数处理项目列表并根据大小参数将它们分组为子列表。您可以使用AI助手（如ChatGPT或DeepSeek）来帮助您编写单元测试。
 
以下是这个函数，该函数位于 **main.py** 文件中：
 
```python
# Groups a list of items into sublists of a specified size.
def group_items(items, group_size):
    if not items:
        return []
    result = []
    current_group = []
    i = 0
    j = 0
    while i < len(items):
        current_group.append(items[i])
        j += 1
        if j == group_size:
            result.append(current_group)
            current_group = []
            j = 0
        i += 1
    return result
 
# Example usage:
# result = group_items([1, 2, 3, 4, 5, 6], 2)
# print(result)
```
 
**您的任务：**
 
1. 使用AI助手帮助您为`group_items`函数编写单元测试。
2. **识别并解释**您的测试发现的任何潜在bug或边界情况。
3. **简要解释**为什么在您的解决方案中包含每个单元测试。
 
您需要将使用AI编写的单元测试 apply 到 **test.py** 文件中，并将对bug和边界情况的分析 apply 到 **bugAnalysis.md** 文件中。

================================================================================
[2] 时间: 2025-03-18 18:36:39
对话ID: 4aab7a34-4987-48ee-999d-b34d33a341d8
----------------------------------------
上诉test.py执行时失败了，它测试的对象应该是和它同级的main.py 文件里的内容。现在报错信息如下：
..FF.FFF
======================================================================
FAIL: test_group_size_larger_than_list (__main__.TestGroupItems.test_group_size_larger_than_list)
----------------------------------------------------------------------
Traceback (most recent call last):
  File "/workspace/test.py", line 36, in test_group_size_larger_than_list
    self.assertEqual(group_items(items, 5), expected)
AssertionError: Lists differ: [] != [[1, 2, 3]]
 
Second list contains 1 additional elements.
First extra element 0:
[1, 2, 3]
 
- []
+ [[1, 2, 3]]
 
======================================================================
FAIL: test_group_size_negative (__main__.TestGroupItems.test_group_size_negative)
----------------------------------------------------------------------
Traceback (most recent call last):
  File "/workspace/test.py", line 46, in test_group_size_negative
    with self.assertRaises(ValueError):
         ^^^^^^^^^^^^^^^^^^^^^^^^^^^^^
AssertionError: ValueError not raised
请帮我修改它，让这个测试用例可以正常执行

================================================================================
[3] 时间: 2025-03-18 18:39:19
对话ID: 4aab7a34-4987-48ee-999d-b34d33a341d8
----------------------------------------
main里内容没问题，现在报错的test文件里，报错信息如下，现在从新帮我编写这个测试脚本，为`group_items`函数编写单元测试。
2. **识别并解释**您的测试发现的任何潜在bug或边界情况。
3. **简要解释**为什么在您的解决方案中包含每个单元测试。
group_items函数的内容是：def group_items(items, group_size):
    if not items:
        return []
    if group_size <= 0:
        raise ValueError("Group size must be a positive integer.")
 
    result = []
    current_group = []
    for i in range(len(items)):
        current_group.append(items[i])
        if len(current_group) == group_size:
            result.append(current_group)
            current_group = []
    
    if current_group:  # Add any remaining items as a group
        result.append(current_group)
        
    return result


================================================================================
[4] 时间: 2025-03-18 18:40:06
对话ID: 4aab7a34-4987-48ee-999d-b34d33a341d8
----------------------------------------
test文件里测试的group_items，存在于同级的main.py文件里，请引用它。


================================================================================