[
  {
    "id": "ce8d2970-4ac3-46be-b052-6a6d030cd880",
    "chat_id": "893a031b-40fd-4d28-a332-94856193b979",
    "content": "帮我生成修复后的文件\n",
    "context": "[]",
    "created_at": 1741860317364,
    "gen": 0,
    "message_type": "user",
    "created_at_readable": "2025-03-13 18:05:17"
  },
  {
    "id": "57282eb2-437f-44a3-9881-c58ff039813c",
    "chat_id": "893a031b-40fd-4d28-a332-94856193b979",
    "user_message_id": "ce8d2970-4ac3-46be-b052-6a6d030cd880",
    "content": "当然，我可以帮你指导如何修复文件，不过我需要更多信息来了解哪个文件需要修复以及具体的错误是什么。如果你可以提供文件格式（例如：Word文档、Excel电子表格、文本文件等）以及具体的问题描述，我将更好地为你提供建议。请分享一些细节，比如文件损坏的症状或者错误信息。",
    "created_at": 1741860321062,
    "gen": 1,
    "message_type": "assistant",
    "created_at_readable": "2025-03-13 18:05:21"
  },
  {
    "id": "5ad053eb-cd1a-43fc-944e-4ecd7f2e0035",
    "chat_id": "893a031b-40fd-4d28-a332-94856193b979",
    "content": "# 修复错误\n \n你的任务是在 `main.ts` 中找出错误，修复它们，并添加测试用例以防止将来出现回归。\n \n## 提示\n \n你应当使用右边的 AI 助手帮助你定位错误和生成新的测试用例。你可以在聊天中引用文件，比如：\n \n> 请帮我找出 @main.ts 的错误\n \nAI 助手会生成新的代码。你可以点击生成的代码框的执行按钮，将代码应用到你想更改的文件上。\n \n完成文件编辑后，你可以在左侧导航栏中打开 Commands 标签页，执行测试。测试会自动运行所有的单元测试，并告诉你运行结果。当你对你的工作满意后，你可以通过左上角的题目切换器，进入别的题目。\n",
    "context": "[{\"path\":\"main.ts\",\"version\":1}]",
    "created_at": 1741860331305,
    "gen": 2,
    "message_type": "user",
    "created_at_readable": "2025-03-13 18:05:31"
  },
  {
    "id": "d76ed9e7-581c-4ccc-8f8a-d9e42ab10e23",
    "chat_id": "893a031b-40fd-4d28-a332-94856193b979",
    "user_message_id": "5ad053eb-cd1a-43fc-944e-4ecd7f2e0035",
    "content": "好的，让我们首先识别和修复 `main.ts` 文件中的错误。\n\n### 1. 识别问题\n\n从你的代码来看，主要有以下几个值得注意的地方：\n\n- **错误处理**：当前实现假设数组 `xs` 至少有一个元素，否则会导致引用不存在的元素（`xs[0]`）而抛出错误。\n- **初始化和计算错误**：这种实现可能在空数组被输入时导致未定义行为；需要一个安全的初始化方法。\n\n### 2. 修复代码\n\n让我们修复代码以处理可能的空数组情况：\n\n```typescript\nexport function sum(xs: number[]): number {\n  let sum = 0; // 初始化为0\n  for (let i = 0; i < xs.length; i += 1) {\n    sum += xs[i];\n  }\n  return sum;\n}\n```\n\n### 3. 添加测试用例\n\n现在我们为函数添加测试用例，检查各种输入情况，包括空数组和正常数组。\n\n```typescript\nimport { sum } from './main';\n\n// 测试用例\ndescribe('sum', () => {\n  it('should return 0 for an empty array', () => {\n    expect(sum([])).toBe(0);\n  });\n\n  it('should return the sum of numbers in the array', () => {\n    expect(sum([1, 2, 3, 4])).toBe(10);\n    expect(sum([-1, 1, -2, 2])).toBe(0);\n  });\n\n  it('should return the correct sum for an array with one element', () => {\n    expect(sum([5])).toBe(5);\n  });\n\n  // 更多测试用例可以根据需要添加\n});\n```\n\n以上代码不仅修复了潜在的问题，还添加了测试用例来保证今后修改时不会导致功能性回归。你可以进一步执行这些测试，确保一切正常。",
    "created_at": 1741860341042,
    "gen": 3,
    "message_type": "assistant",
    "created_at_readable": "2025-03-13 18:05:41"
  },
  {
    "id": "6b83bc78-8a05-40f1-b38b-1daf8c0b9dfe",
    "chat_id": "893a031b-40fd-4d28-a332-94856193b979",
    "content": "我现在执行test报错了，请根据报错信息帮我找到错误，并修正",
    "context": "[]",
    "created_at": 1742265915851,
    "gen": 4,
    "message_type": "user",
    "created_at_readable": "2025-03-18 10:45:15"
  },
  {
    "id": "26d61240-c4e6-45bb-b1e9-5984103b6893",
    "chat_id": "893a031b-40fd-4d28-a332-94856193b979",
    "user_message_id": "6b83bc78-8a05-40f1-b38b-1daf8c0b9dfe",
    "content": "为了帮助你解决问题，我需要了解具体的错误信息。请提供测试执行时显示的错误信息或日志，这样我才能帮助你准确地找到问题并提供修正。通常，错误信息会有助于识别代码中的逻辑错误、语法错误或类型问题等。",
    "created_at": 1742265919887,
    "gen": 5,
    "message_type": "assistant",
    "created_at_readable": "2025-03-18 10:45:19"
  },
  {
    "id": "9f749462-157d-4b4f-8f5a-070534925361",
    "chat_id": "893a031b-40fd-4d28-a332-94856193b979",
    "content": "错误信息如下：Check file:///workspace/test.ts\nTS2307 [ERROR]: Cannot find module 'file:///workspace/main'. Maybe add a '.ts' extension or run with --unstable-sloppy-imports\n    at file:///workspace/test.ts:1:21\n \nTS2582 [ERROR]: Cannot find name 'describe'. Do you need to install type definitions for a test runner? Try `npm i --save-dev @types/jest` or `npm i --save-dev @types/mocha`.\ndescribe('sum', () => {\n~~~~~~~~\n    at file:///workspace/test.ts:4:1\n \nTS2582 [ERROR]: Cannot find name 'it'. Do you need to install type definitions for a test runner? Try `npm i --save-dev @types/jest` or `npm i --save-dev @types/mocha`.\n  it('should return 0 for an empty array', () => {\n  ~~\n    at file:///workspace/test.ts:5:3\n \nTS2304 [ERROR]: Cannot find name 'expect'.\n    expect(sum([])).toBe(0);\n    ~~~~~~\n    at file:///workspace/test.ts:6:5\n \nTS2582 [ERROR]: Cannot find name 'it'. Do you need to install type definitions for a test runner? Try `npm i --save-dev @types/jest` or `npm i --save-dev @types/mocha`.\n  it('should return the sum of numbers in the array', () => {\n  ~~\n    at file:///workspace/test.ts:9:3\n \nTS2304 [ERROR]: Cannot find name 'expect'.\n    expect(sum([1, 2, 3, 4])).toBe(10);\n    ~~~~~~\n    at file:///workspace/test.ts:10:5\n \nTS2304 [ERROR]: Cannot find name 'expect'.\n    expect(sum([-1, 1, -2, 2])).toBe(0);\n    ~~~~~~\n    at file:///workspace/test.ts:11:5\n\n",
    "context": "[]",
    "created_at": 1742265946151,
    "gen": 6,
    "message_type": "user",
    "created_at_readable": "2025-03-18 10:45:46"
  },
  {
    "id": "379aacea-3689-4344-95c8-ebda1741ab99",
    "chat_id": "893a031b-40fd-4d28-a332-94856193b979",
    "user_message_id": "9f749462-157d-4b4f-8f5a-070534925361",
    "content": "根据提供的错误信息，主要有两个问题要解决：\n\n1. **TypeScript 模块导入错误**：错误提示不能找到模块 `file:///workspace/main`。\n2. **测试环境设置错误**：`describe`, `it`, 和 `expect` 等全局函数无法识别，需要安装相应的类型定义。\n\n### 1. 修复模块导入\n\n确保你的测试文件正确导入 `main.ts`。在 TypeScript 中，模块导入需要指定文件扩展名 `.ts`。假设你的项目目录结构如下：\n\n```\n/workspace/\n  ├── main.ts\n  └── test.ts\n```\n\n那么你的 import 语句应该是：\n\n```typescript\nimport { sum } from './main.ts';\n```\n\n### 2. 安装测试类型定义\n\n错误建议你需要安装测试类型定义。根据你使用的测试框架（比如 Jest 或 Mocha），你需要安装适当的类型定义。这一过程通常会在项目根目录下运行以下命令：\n\n- 如果使用 **Jest**：\n  ```bash\n  npm install --save-dev @types/jest\n  ```\n\n- 如果使用 **Mocha**：\n  ```bash\n  npm install --save-dev @types/mocha\n  ```\n\n另外，如果你使用的是 Jest，确保在你的 `tsconfig.json` 中包含类型定义：\n\n```json\n{\n  \"compilerOptions\": {\n    \"types\": [\"jest\"]\n  }\n}\n```\n\n如果你使用的是 Mocha，需要替换为 `\"types\": [\"mocha\"]`。\n\n通过解决以上问题，你应该可以成功运行你的测试。请在应用这些修正后再次尝试运行测试，并告诉我是否还有其他错误。",
    "created_at": 1742265953051,
    "gen": 7,
    "message_type": "assistant",
    "created_at_readable": "2025-03-18 10:45:53"
  },
  {
    "id": "3af53826-a994-424e-a921-5752ba362b90",
    "chat_id": "893a031b-40fd-4d28-a332-94856193b979",
    "content": "你给我写一个完整的输出ts代码和对应的测试用例\n\n",
    "context": "[]",
    "created_at": 1742266118578,
    "gen": 8,
    "message_type": "user",
    "created_at_readable": "2025-03-18 10:48:38"
  },
  {
    "id": "3772f273-dbd2-42cd-a5cc-6d46282e4f1c",
    "chat_id": "893a031b-40fd-4d28-a332-94856193b979",
    "user_message_id": "3af53826-a994-424e-a921-5752ba362b90",
    "content": "好的，这里有一个完整的 `main.ts` 文件，其中包括 `sum` 函数的定义，以及一个测试文件 `test.ts`，其中包括使用 Jest 测试框架编写的测试用例。请确保在运行测试前已安装 Jest 以及相应的类型定义。\n\n### main.ts\n\n```typescript\nexport function sum(xs: number[]): number {\n  let sum = 0; // 将初始值设置为0，处理空数组的情况\n  for (let i = 0; i < xs.length; i += 1) {\n    sum += xs[i];\n  }\n  return sum;\n}\n```\n\n### test.ts\n\n首先，确保你已安装 Jest 和类型定义：\n\n```bash\nnpm install --save-dev jest @types/jest\n```\n\n然后，你可以使用以下测试代码：\n\n```typescript\n// test.ts\nimport { sum } from './main'; // 确保这里的路径与实际文件位置相匹配\n\n// 测试用例\ndescribe('sum', () => {\n  it('should return 0 for an empty array', () => {\n    expect(sum([])).toBe(0);\n  });\n\n  it('should return the sum of numbers in the array', () => {\n    expect(sum([1, 2, 3, 4])).toBe(10);\n    expect(sum([-1, 1, -2, 2])).toBe(0);\n    expect(sum([5, 15])).toBe(20);\n  });\n\n  it('should return the correct sum for an array with one element', () => {\n    expect(sum([5])).toBe(5);\n  });\n});\n```\n\n### 运行测试\n\n要运行测试，请确保在你的项目目录中有一个 `package.json` 文件，然后将以下脚本添加到其中：\n\n```json\n\"scripts\": {\n  \"test\": \"jest\"\n}\n```\n\n用以下命令运行测试：\n\n```bash\nnpm test\n```\n\n确保你安装了 `jest` 及其类型定义，并且路径正确匹配。这样，你的代码应能正常运行测试并输出正确结果。",
    "created_at": 1742266123884,
    "gen": 9,
    "message_type": "assistant",
    "created_at_readable": "2025-03-18 10:48:43"
  },
  {
    "id": "037f64ae-35dd-4844-a37b-db6b1ddcede1",
    "chat_id": "893a031b-40fd-4d28-a332-94856193b979",
    "content": "请帮我找出 @main.ts 的错误\n",
    "context": "[{\"path\":\"main.ts\",\"version\":5}]",
    "created_at": 1742292949778,
    "gen": 10,
    "message_type": "user",
    "created_at_readable": "2025-03-18 18:15:49"
  },
  {
    "id": "964e9fc6-f4bc-42fd-8781-ddd00a8a47ac",
    "chat_id": "893a031b-40fd-4d28-a332-94856193b979",
    "user_message_id": "037f64ae-35dd-4844-a37b-db6b1ddcede1",
    "content": "从你提供的 `main.ts` 文件来看，`sum` 函数的逻辑看起来是正确的：它初始化 `sum` 为 0，然后遍历数组 `xs` 中的所有元素并将其加到 `sum` 上，最后返回总和。\n\n以下是一些可能影响代码正确性和健壮性的潜在问题及考量，尽管它们在这个简单例子中不一定会引发错误：\n\n1. **输入验证**：目前的实现假设输入总是一个数组，没有对输入进行验证。如果输入可能为空或不是数组，你可能需要添加额外的验证逻辑。\n  \n2. **类型安全**：如果 `xs` 中的所有元素都不是数字（例如 `NaN`、`undefined` 或 `null`），可能导致不期望的行为（尽管在 ts 中，这种情况通常不会出现，因为类型签名确保 `xs` 是一个 `number[]`）。\n\n从功能上来说，在 TypeScript 中使用严格的类型定义 `number[]` 已经能够避免许多常见错误，因此，就当前的代码而言，并没有明显的错误或需要优化之处。如果你遇到特定的功能性问题或者有扩展代码的需要，请提供更多上下文以便更好地帮助你。",
    "created_at": 1742292955722,
    "gen": 11,
    "message_type": "assistant",
    "created_at_readable": "2025-03-18 18:15:55"
  },
  {
    "id": "134607b0-d8db-4c8f-bf10-52f5179c9438",
    "chat_id": "893a031b-40fd-4d28-a332-94856193b979",
    "content": "# 修复错误\n \n你的任务是在 `main.ts` 中找出错误，修复它们，并添加测试用例以防止将来出现回归。\n \n## 提示\n \n你应当使用右边的 AI 助手帮助你定位错误和生成新的测试用例。你可以在聊天中引用文件，比如：\n \n> 请帮我找出 @main.ts 的错误\n \nAI 助手会生成新的代码。你可以点击生成的代码框的执行按钮，将代码应用到你想更改的文件上。\n \n完成文件编辑后，你可以在左侧导航栏中打开 Commands 标签页，执行测试。测试会自动运行所有的单元测试，并告诉你运行结果。当你对你的工作满意后，你可以通过左上角的题目切换器，进入别的题目。\n \n",
    "context": "[{\"path\":\"main.ts\",\"version\":5}]",
    "created_at": 1742293001058,
    "gen": 12,
    "message_type": "user",
    "created_at_readable": "2025-03-18 18:16:41"
  },
  {
    "id": "bd5fbe32-8a70-45a4-8972-aad81b21c672",
    "chat_id": "893a031b-40fd-4d28-a332-94856193b979",
    "user_message_id": "134607b0-d8db-4c8f-bf10-52f5179c9438",
    "content": "从 `main.ts` 文件的当前版本来看，`sum` 函数的实现似乎没有显而易见的逻辑错误或语法错误。函数工作正常：它遍历输入数组 `xs`，将每个数字加到总和并返回。这种实现已经考虑到了空数组的情况（返回 0），在给定的约束条件下工作良好。 \n\n不过，要确保代码的健壮性和安全性，以下几点可以进一步检查和补充：\n\n1. **输入类型检查**: 尽管 TypeScript 类型定义为 `number[]`，一般来说在真实应用中还需考虑输入校验以确保不会意外传入错误的类型（例如，非数组或混合类型数组），特别是在处理来自外部源的数据时。现有类型定义已经提供足够的静态检查，适用于大部分情况。\n\n2. **测试用例覆盖**: 确保有足够的测试用例来涵盖各种情况，包括：\n   - 标准用例：正常的正数和负数数组。\n   - 极端用例：空数组、只有一个元素的数组。\n   - 边界用例：非常大的数组或元素。\n\n为了提高测试的覆盖率，以下是一些可能有用的测试用例：\n\n### 测试用例\n\n```typescript\nimport { sum } from './main'; // 确保路径正确\n\ndescribe('sum', () => {\n  it('should return 0 for an empty array', () => {\n    expect(sum([])).toBe(0);\n  });\n\n  it('should return the sum of numbers in the array', () => {\n    expect(sum([1, 2, 3, 4])).toBe(10);\n    expect(sum([-1, 1, -2, 2])).toBe(0);\n    expect(sum([5, 15, -5])).toBe(15);\n    expect(sum([0, 0, 0])).toBe(0);\n  });\n\n  it('should return the correct sum for an array with one element', () => {\n    expect(sum([5])).toBe(5);\n    expect(sum([-5])).toBe(-5);\n  });\n\n  it('should handle very large arrays', () => {\n    const largeArray = new Array(10000).fill(1);\n    expect(sum(largeArray)).toBe(10000);\n  });\n\n  it('should handle arrays with very large numbers', () => {\n    expect(sum([Number.MAX_SAFE_INTEGER, 1])).toBe(Number.MAX_SAFE_INTEGER + 1);\n  });\n});\n```\n\n此测试涵盖了各类特殊情况，通过这些测试可以确保 `sum` 函数的正确性。此外，确认项目中已正确设置了测试工作流（如使用 `jest`，且安装了相应的类型定义和配置）。",
    "created_at": 1742293009171,
    "gen": 13,
    "message_type": "assistant",
    "created_at_readable": "2025-03-18 18:16:49"
  },
  {
    "id": "11e60f50-aede-48e7-9878-e941a06db762",
    "chat_id": "893a031b-40fd-4d28-a332-94856193b979",
    "content": "使用了上诉测试用例，和main里的内容，但是执行时报错，报错内容如下，行帮我修改为可执行的",
    "context": "[]",
    "created_at": 1742293082803,
    "gen": 14,
    "message_type": "user",
    "created_at_readable": "2025-03-18 18:18:02"
  },
  {
    "id": "c6e8ae5a-058f-420f-8848-9b83e72398a2",
    "chat_id": "893a031b-40fd-4d28-a332-94856193b979",
    "user_message_id": "11e60f50-aede-48e7-9878-e941a06db762",
    "content": "要解决这些错误，我们需要确保测试文件和项目设置正确。我将提供一个基础的环境设置和可能需要进行的修改，以确保你的 TypeScript 文件和 Jest 测试配置正确。\n\n### 项目结构\n确保你的项目结构如下：\n\n```\n/workspace/\n  ├── main.ts\n  ├── test.ts\n  ├── package.json\n```\n\n### package.json\n\n首先，确保你的 `package.json` 文件中有对 Jest 和类型定义的依赖，并包含 Jest 的配置：\n\n```json\n{\n  \"name\": \"typescript-jest-example\",\n  \"version\": \"1.0.0\",\n  \"scripts\": {\n    \"test\": \"jest\"\n  },\n  \"devDependencies\": {\n    \"jest\": \"^29.0.0\",\n    \"@types/jest\": \"^29.0.0\",\n    \"ts-jest\": \"^29.0.0\",\n    \"typescript\": \"^5.0.0\"\n  }\n}\n```\n\n你可以通过在项目目录中运行以下命令来安装这些依赖：\n\n```bash\nnpm install --save-dev jest @types/jest ts-jest typescript\n```\n\n### tsconfig.json\n\n确保 `tsconfig.json` 配置文件正确配置：\n\n```json\n{\n  \"compilerOptions\": {\n    \"target\": \"ES6\",                          \n    \"module\": \"commonjs\",\n    \"strict\": true,                           \n    \"esModuleInterop\": true,\n    \"skipLibCheck\": true,\n    \"forceConsistentCasingInFileNames\": true, \n    \"types\": [\"jest\"]\n  }\n}\n```\n\n### Jest 配置\n\n使用 Jest 运行 TypeScript 文件时，你可以创建一个 `jest.config.js`：\n\n```javascript\nmodule.exports = {\n  preset: 'ts-jest',\n  testEnvironment: 'node',\n  testMatch: [\"**/?(*.)+(spec|test).[tj]s?(x)\"],\n  moduleFileExtensions: [\"ts\", \"js\"],\n};\n```\n\n### 测试文件 (test.ts)\n\n检查 `test.ts` 确保导入路径和主文件路径正确：\n\n```typescript\nimport { sum } from './main'; // 确保这里的路径匹配\n\ndescribe('sum', () => {\n  it('should return 0 for an empty array', () => {\n    expect(sum([])).toBe(0);\n  });\n\n  it('should return the sum of numbers in the array', () => {\n    expect(sum([1, 2, 3, 4])).toBe(10);\n    expect(sum([-1, 1, -2, 2])).toBe(0);\n    expect(sum([5, 15, -5])).toBe(15);\n    expect(sum([0, 0, 0])).toBe(0);\n  });\n\n  it('should return the correct sum for an array with one element', () => {\n    expect(sum([5])).toBe(5);\n    expect(sum([-5])).toBe(-5);\n  });\n\n  it('should handle very large arrays', () => {\n    const largeArray = new Array(10000).fill(1);\n    expect(sum(largeArray)).toBe(10000);\n  });\n\n  it('should handle arrays with very large numbers', () => {\n    expect(sum([Number.MAX_SAFE_INTEGER, 1])).toBe(Number.MAX_SAFE_INTEGER + 1);\n  });\n});\n```\n\n### 运行测试\n\n在项目目录中，运行以下命令：\n\n```bash\nnpm test\n```\n\n确保所有这些配置正确后，测试应该能成功运行。如果还有任何问题，请提供具体的错误信息以便进一步协助。",
    "created_at": 1742293090771,
    "gen": 15,
    "message_type": "assistant",
    "created_at_readable": "2025-03-18 18:18:10"
  }
]